ARGUMENT 
### The path root of exacted features: /content
### Dataset name to train: IEMOCAP
### The methods exacted feature: all
### Augment data: False
### Dataset name to train: IEMOCAP
### The path of model ouput : /content/models
### The path of configs file : /content/Pattern_Recognition_Final_Project/configs/KNN/KNN.yaml
 CONFIGS 
### Split dataset train - val : 0.8-0.2
### Number neighbor: 5
ARGUMENT 
### The path root of exacted features: /content
### Dataset name to train: IEMOCAP
### The methods exacted feature: all
### Augment data: False
### Dataset name to train: IEMOCAP
### The path of model ouput : /content/models
### The path of configs file : /content/Pattern_Recognition_Final_Project/configs/KNN/KNN.yaml
 CONFIGS 
### Split dataset train - val : 0.8-0.2
### Number neighbor: 5
ARGUMENT 
### The path root of exacted features: /content
### Dataset name to train: IEMOCAP
### The methods exacted feature: all
### Augment data: False
### Dataset name to train: IEMOCAP
### The path of model ouput : /content/models
### The path of configs file : /content/Pattern_Recognition_Final_Project/configs/KNN/KNN.yaml
 CONFIGS 
### Split dataset train - val : 0.8-0.2
### Number neighbor: 6
